<?xml version="1.0" encoding="UTF-8"?>
<testsuite xmlns:xsi="http://www.w3.org/2001/XMLSchema-instance" xsi:noNamespaceSchemaLocation="https://maven.apache.org/surefire/maven-surefire-plugin/xsd/surefire-test-report.xsd" name="org.openapitools.model.LoginPostRequestValidateLogin968Test" time="0.008" tests="4" errors="0" skipped="0" failures="0">
  <properties>
[...]
</properties>
  <testcase name="testPasswordWithoutNumber" classname="org.openapitools.model.LoginPostRequestValidateLogin968Test" time="0"/>
  <testcase name="testPasswordWithoutAlphabet" classname="org.openapitools.model.LoginPostRequestValidateLogin968Test" time="0"/>
  <testcase name="testValidUsernameAndPassword" classname="org.openapitools.model.LoginPostRequestValidateLogin968Test" time="0"/>
  <testcase name="testInvalidUsernameAndPassword" classname="org.openapitools.model.LoginPostRequestValidateLogin968Test" time="0.001"/>
</testsuite>